<?xml version="1.0" encoding="UTF-8"?>
<!-- Generated by org.testng.reporters.JUnitReportReporter -->
<testsuite skipped="0" hostname="ATMECSINLT-085" name="org.atmecs.practo.testscripts.PractoHomePage" tests="4" failures="0" timestamp="18 Sep 2019 10:16:12 GMT" time="26.364" errors="0">
  <testcase name="practoHome" time="3.758" classname="org.atmecs.practo.testscripts.PractoHomePage"/>
  <testcase name="practoPage" time="8.100" classname="org.atmecs.practo.testscripts.PractoHomePage"/>
  <testcase name="painRelief" time="8.243" classname="org.atmecs.practo.testscripts.PractoHomePage"/>
  <testcase name="cartPage" time="6.263" classname="org.atmecs.practo.testscripts.PractoHomePage"/>
</testsuite> <!-- org.atmecs.practo.testscripts.PractoHomePage -->
