<?xml version="1.0" encoding="UTF-8"?>
<!-- Generated by org.testng.reporters.JUnitReportReporter -->
<testsuite skipped="0" hostname="ATMECSINLT-085" name="org.atmecs.practo.testscripts.PractoHomepage" tests="4" failures="0" timestamp="16 Sep 2019 13:30:40 GMT" time="23.823" errors="0">
  <testcase name="practoHome" time="3.575" classname="org.atmecs.practo.testscripts.PractoHomepage"/>
  <testcase name="practoPage" time="7.966" classname="org.atmecs.practo.testscripts.PractoHomepage"/>
  <testcase name="painRelief" time="8.146" classname="org.atmecs.practo.testscripts.PractoHomepage"/>
  <testcase name="cartPage" time="4.136" classname="org.atmecs.practo.testscripts.PractoHomepage"/>
</testsuite> <!-- org.atmecs.practo.testscripts.PractoHomepage -->
