<?xml version="1.0" encoding="UTF-8"?>
<!-- Generated by org.testng.reporters.JUnitReportReporter -->
<testsuite skipped="0" hostname="ATMECSINLT-085" name="org.atmecs.practo.testscripts.CartTest" tests="3" failures="0" timestamp="18 Sep 2019 13:35:28 GMT" time="23.004" errors="0">
  <testcase name="practoPage" time="9.611" classname="org.atmecs.practo.testscripts.CartTest"/>
  <testcase name="painRelief" time="6.700" classname="org.atmecs.practo.testscripts.CartTest"/>
  <testcase name="cartPage" time="6.693" classname="org.atmecs.practo.testscripts.CartTest"/>
</testsuite> <!-- org.atmecs.practo.testscripts.CartTest -->
