<?xml version="1.0" encoding="UTF-8"?>
<!-- Generated by org.testng.reporters.JUnitReportReporter -->
<testsuite skipped="0" hostname="ATMECSINLT-085" name="org.atmecs.practo.testscripts.PractoCartPage" tests="4" failures="0" timestamp="18 Sep 2019 06:52:44 GMT" time="27.330" errors="0">
  <testcase name="practoHome" time="3.757" classname="org.atmecs.practo.testscripts.PractoCartPage"/>
  <testcase name="practoPage" time="8.169" classname="org.atmecs.practo.testscripts.PractoCartPage"/>
  <testcase name="painRelief" time="9.072" classname="org.atmecs.practo.testscripts.PractoCartPage"/>
  <testcase name="cartPage" time="6.332" classname="org.atmecs.practo.testscripts.PractoCartPage"/>
</testsuite> <!-- org.atmecs.practo.testscripts.PractoCartPage -->
