<?xml version="1.0" encoding="UTF-8"?>
<!-- Generated by org.testng.reporters.JUnitReportReporter -->
<testsuite skipped="0" hostname="ATMECSINLT-085" name="org.atmecs.practo.testscripts.PractoHomepage" tests="4" failures="0" timestamp="16 Sep 2019 14:25:32 GMT" time="30.754" errors="0">
  <testcase name="practoHome" time="4.613" classname="org.atmecs.practo.testscripts.PractoHomepage"/>
  <testcase name="practoPage" time="9.035" classname="org.atmecs.practo.testscripts.PractoHomepage"/>
  <testcase name="painRelief" time="10.517" classname="org.atmecs.practo.testscripts.PractoHomepage"/>
  <testcase name="cartPage" time="6.589" classname="org.atmecs.practo.testscripts.PractoHomepage"/>
</testsuite> <!-- org.atmecs.practo.testscripts.PractoHomepage -->
